
************************    Unit Test 1: Testing updateCoins()     **********************


--------Test 1: Zero Treasure Cards in Player's Hand---------

Passed

--------Test 2: Full Hand of All Copper Cards---------

Passed

--------Test 3: Full Hand of All Silver Cards---------

Passed

--------Test 4: Full Hand of All Gold Cards---------

Passed

--------Test 5: Large Hand with 5 Copper, 5 Silver, and 5 Gold---------

Passed

--------Test 6: One Gold Card and a bonus of 1---------

Passed

************************    Unit Test 2: Testing isGameOver()     **********************


--------Test 1: Newly Initialized Game---------

Passed

--------Test 2: 3 Supply Stacks are Empty and 2 players---------

Passed

--------Test 3: 3 Supply Stacks are Empty and 5 players---------

Failed

--------Test 4:  Stack of Province Cards is Empty---------

Passed

************************    Unit Test 3: Testing scoreFor()     **********************


--------Test 1: Empty Deck, Hand, and Discard---------

Passed

--------Test 2: Hand that has one of every card, empty deck ---------

Failed
Count is 10 but should be 11

--------Test 3: Discard that has one of every card, empty deck ---------

Failed
Count is -7 but should be 11

--------Test 4: Deck that has one of every card ---------

Failed
Count is 0 but should be 11


************************    Unit Test 4: Testing fullDeckCount()     **********************


--------Test 1: Newly Initialized Game, Check for Every Card---------

Passed

--------Test 2: One of the desired card in the Deck, the Hand, and the Discard ---------

Passed

--------Test 3: One of the desired cards in the hand but not the others ---------

Passed

--------Test 4: One of the desired cards in the discard but not the others ---------

Passed

--------Test 4: One of the desired cards in the deck but not the others ---------

Passed

************************    Card Test 1: Testing smithy_function()     **********************


--------Test 1: Play Smithy and Check that 3 Cards are Drawn and 1 (Smithy) is Discarded---------

Failed

--------Test 2:	Play Smithy with an empty player deck and empty discard pile---------

Failed

--------Test 3:	Play Smithy with an empty player deck and full discard pile---------

Failed

************************    Card Test 2: Testing adventurer_function()     **********************


--------Test 1: Play Adventurer with a deck full of Gold and check that -----------------
-------- two Gold Cards are added to the player's hand---------

Passed

--------Test 2: Play Adventurer with a deck full of Gold and check that -----------------
-------- one card is discarded (Adventurer)---------

Failed

--------Test 3: Play Adventurer with a deck of 10 with the last 2 being silver cards, check -----------------
-------- that 9 cards are discarded (viewed cards + Adventurer)---------

Failed

--------Test 4: Play Adventurer with an empty deck and discard pile of all Copper-----------------
-------- Check that two Copper Cards are added to the player's hand ---------

Passed

************************    Card Test 3: Testing council_room_function()     **********************


--------Test 1: Play CouncilRoom. 4 Cards should be added to player's hand and the CouncilRoom should be in Played Cards ------------

Failed

--------Test 2: Play CouncilRoom with 2 players. 1 Card should be added to every other player's hand------------

Failed

--------Test 3: Play CouncilRoom with 4 players. 1 Card should be added to every other player's hand------------

Failed

--------Test 4: Play CouncilRoom. Number of buys should be increased by 1 ------------

Failed

********************   Random Testing of Adventurer Card  ******************

Here is an example of one failed test: 
Test failed:

Before Adventurer is Played:
Starting Deck Count: 115
Starting Hand Count: 105
Starting Discard Count: 126

After Adventurer is Played:
Expected Deck Count: 113, Actual Deck Count: 113
Expected Hand Count: 106, Actual Hand Count: 107
Expected Discard Count: 127, Actual Discard Count: 126

Total number of tests: 100000
Number of tests passed: 0
Number of tests failed: 100000
Percent passed: 0.000000

********************   Random Testing of Smithy Card  ******************

Here is an example of one failed test: 
Test failed:

Before Adventurer is Played:
Starting Deck Count: 128
Starting Hand Count: 143
Starting Discard Count: 73

After Adventurer is Played:
Expected Deck Count: 125, Actual Deck Count: 125
Expected Hand Count: 145, Actual Hand Count: 146
Expected Discard Count: 74, Actual Discard Count: 73

Total number of tests: 10
Number of tests passed: 0
Number of tests failed: 10
Percent passed: 0.000000

************************    Begin Coverage Information   **********************

Function 'updateCoins'
Lines executed:100.00% of 11
Branches executed:100.00% of 8
Taken at least once:100.00% of 8
No calls

Function 'gainCard'
Lines executed:61.54% of 13
Branches executed:100.00% of 6
Taken at least once:50.00% of 6
Calls executed:100.00% of 1

Function 'discardCard'
Lines executed:92.31% of 13
Branches executed:100.00% of 6
Taken at least once:83.33% of 6
No calls

Function 'cardEffect'
Lines executed:0.00% of 208
Branches executed:0.00% of 173
Taken at least once:0.00% of 173
Calls executed:0.00% of 58

Function 'salvager_function'
Lines executed:0.00% of 8
Branches executed:0.00% of 2
Taken at least once:0.00% of 2
Calls executed:0.00% of 5

Function 'sea_hag_function'
Lines executed:0.00% of 8
Branches executed:0.00% of 4
Taken at least once:0.00% of 4
Calls executed:0.00% of 1

Function 'smithy_function'
Lines executed:100.00% of 6
Branches executed:100.00% of 2
Taken at least once:100.00% of 2
Calls executed:100.00% of 3

Function 'adventurer_function'
Lines executed:100.00% of 19
Branches executed:100.00% of 12
Taken at least once:100.00% of 12
Calls executed:100.00% of 3

Function 'council_room_function'
Lines executed:100.00% of 10
Branches executed:100.00% of 6
Taken at least once:100.00% of 6
Calls executed:100.00% of 4

Function 'getCost'
Lines executed:0.00% of 30
Branches executed:0.00% of 28
Taken at least once:0.00% of 28
No calls

Function 'drawCard'
Lines executed:100.00% of 22
Branches executed:100.00% of 6
Taken at least once:100.00% of 6
Calls executed:100.00% of 1

Function 'getWinners'
Lines executed:0.00% of 24
Branches executed:0.00% of 22
Taken at least once:0.00% of 22
Calls executed:0.00% of 2

Function 'scoreFor'
Lines executed:100.00% of 24
Branches executed:100.00% of 42
Taken at least once:88.10% of 42
Calls executed:66.67% of 3

Function 'isGameOver'
Lines executed:100.00% of 10
Branches executed:100.00% of 8
Taken at least once:100.00% of 8
No calls

Function 'endTurn'
Lines executed:0.00% of 20
Branches executed:0.00% of 6
Taken at least once:0.00% of 6
Calls executed:0.00% of 3

Function 'whoseTurn'
Lines executed:100.00% of 2
No branches
No calls

Function 'fullDeckCount'
Lines executed:100.00% of 9
Branches executed:100.00% of 12
Taken at least once:100.00% of 12
No calls

Function 'supplyCount'
Lines executed:100.00% of 2
No branches
No calls

Function 'handCard'
Lines executed:0.00% of 3
No branches
Calls executed:0.00% of 1

Function 'numHandCards'
Lines executed:0.00% of 2
No branches
Calls executed:0.00% of 1

Function 'buyCard'
Lines executed:0.00% of 13
Branches executed:0.00% of 6
Taken at least once:0.00% of 6
Calls executed:0.00% of 4

Function 'playCard'
Lines executed:0.00% of 14
Branches executed:0.00% of 10
Taken at least once:0.00% of 10
Calls executed:0.00% of 3

Function 'shuffle'
Lines executed:100.00% of 16
Branches executed:100.00% of 8
Taken at least once:100.00% of 8
Calls executed:100.00% of 2

Function 'initializeGame'
Lines executed:95.16% of 62
Branches executed:100.00% of 46
Taken at least once:91.30% of 46
Calls executed:100.00% of 5

Function 'kingdomCards'
Lines executed:0.00% of 13
No branches
No calls

Function 'newGame'
Lines executed:100.00% of 3
No branches
No calls

Function 'compare'
Lines executed:100.00% of 6
Branches executed:100.00% of 4
Taken at least once:100.00% of 4
No calls

File 'dominion.c'
Lines executed:38.35% of 571
Branches executed:39.81% of 417
Taken at least once:36.69% of 417
Calls executed:21.00% of 100
Creating 'dominion.c.gcov'

        -:    0:Source:dominion.c
        -:    0:Graph:dominion.gcno
        -:    0:Data:dominion.gcda
        -:    0:Runs:9
        -:    0:Programs:9
        -:    1:#include "dominion.h"
        -:    2:#include "dominion_helpers.h"
        -:    3:#include "rngs.h"
        -:    4:#include <stdio.h>
        -:    5:#include <math.h>
        -:    6:#include <stdlib.h>
        -:    7:
function compare called 51554688 returned 100% blocks executed 100%
 51554688:    8:int compare(const void* a, const void* b) {
 51554688:    9:  if (*(int*)a > *(int*)b)
branch  0 taken 1% (fallthrough)
branch  1 taken 99%
        6:   10:    return 1;
 51554682:   11:  if (*(int*)a < *(int*)b)
branch  0 taken 44% (fallthrough)
branch  1 taken 56%
 22910168:   12:    return -1;
 28644514:   13:  return 0;
        -:   14:}
        -:   15:
function newGame called 100016 returned 100% blocks executed 100%
   100016:   16:struct gameState* newGame() {
   100016:   17:  struct gameState* g = malloc(sizeof(struct gameState));
   100016:   18:  return g;
        -:   19:}
        -:   20:
function kingdomCards called 0 returned 0% blocks executed 0%
    #####:   21:int* kingdomCards(int k1, int k2, int k3, int k4, int k5, int k6, int k7,
        -:   22:		  int k8, int k9, int k10) {
    #####:   23:  int* k = malloc(10 * sizeof(int));
    #####:   24:  k[0] = k1;
    #####:   25:  k[1] = k2;
    #####:   26:  k[2] = k3;
    #####:   27:  k[3] = k4;
    #####:   28:  k[4] = k5;
    #####:   29:  k[5] = k6;
    #####:   30:  k[6] = k7;
    #####:   31:  k[7] = k8;
    #####:   32:  k[8] = k9;
    #####:   33:  k[9] = k10;
    #####:   34:  return k;
        -:   35:}
        -:   36:
function initializeGame called 100046 returned 100% blocks executed 95%
   100046:   37:int initializeGame(int numPlayers, int kingdomCards[10], int randomSeed,
        -:   38:		   struct gameState *state) {
        -:   39:
        -:   40:  int i;
        -:   41:  int j;
        -:   42:  int it;			
        -:   43:  //set up random number generator
   100046:   44:  SelectStream(1);
call    0 returned 100%
   100046:   45:  PutSeed((long)randomSeed);
call    0 returned 100%
        -:   46:  
        -:   47:  //check number of players
   100046:   48:  if (numPlayers > MAX_PLAYERS || numPlayers < 2)
branch  0 taken 99% (fallthrough)
branch  1 taken 1%
branch  2 taken 0% (fallthrough)
branch  3 taken 100%
        -:   49:    {
        1:   50:      return -1;
        -:   51:    }
        -:   52:
        -:   53:  //set number of players
   100045:   54:  state->numPlayers = numPlayers;
        -:   55:
        -:   56:  //check selected kingdom cards are different
  1100495:   57:  for (i = 0; i < 10; i++)
branch  0 taken 91%
branch  1 taken 9% (fallthrough)
        -:   58:    {
 11004950:   59:      for (j = 0; j < 10; j++)
branch  0 taken 91%
branch  1 taken 9% (fallthrough)
        -:   60:        {
 10004500:   61:	  if (j != i && kingdomCards[j] == kingdomCards[i])
branch  0 taken 90% (fallthrough)
branch  1 taken 10%
branch  2 taken 0% (fallthrough)
branch  3 taken 100%
        -:   62:	    {
    #####:   63:	      return -1;
        -:   64:	    }
        -:   65:        }
        -:   66:    }
        -:   67:
        -:   68:
        -:   69:  //initialize supply
        -:   70:  ///////////////////////////////
        -:   71:
        -:   72:  //set number of Curse cards
   100045:   73:  if (numPlayers == 2)
branch  0 taken 99% (fallthrough)
branch  1 taken 1%
        -:   74:    {
   100038:   75:      state->supplyCount[curse] = 10;
        -:   76:    }
        7:   77:  else if (numPlayers == 3)
branch  0 taken 0% (fallthrough)
branch  1 taken 100%
        -:   78:    {
    #####:   79:      state->supplyCount[curse] = 20;
        -:   80:    }
        -:   81:  else
        -:   82:    {
        7:   83:      state->supplyCount[curse] = 30;
        -:   84:    }
        -:   85:
        -:   86:  //set number of Victory cards
   100045:   87:  if (numPlayers == 2)
branch  0 taken 99% (fallthrough)
branch  1 taken 1%
        -:   88:    {
   100038:   89:      state->supplyCount[estate] = 8;
   100038:   90:      state->supplyCount[duchy] = 8;
   100038:   91:      state->supplyCount[province] = 8;
        -:   92:    }
        -:   93:  else
        -:   94:    {
        7:   95:      state->supplyCount[estate] = 12;
        7:   96:      state->supplyCount[duchy] = 12;
        7:   97:      state->supplyCount[province] = 12;
        -:   98:    }
        -:   99:
        -:  100:  //set number of Treasure cards
   100045:  101:  state->supplyCount[copper] = 60 - (7 * numPlayers);
   100045:  102:  state->supplyCount[silver] = 40;
   100045:  103:  state->supplyCount[gold] = 30;
        -:  104:
        -:  105:  //set number of Kingdom cards
  2100945:  106:  for (i = adventurer; i <= treasure_map; i++)       	//loop all cards
branch  0 taken 95%
branch  1 taken 5% (fallthrough)
        -:  107:    {
 16507425:  108:      for (j = 0; j < 10; j++)           		//loop chosen cards
branch  0 taken 94%
branch  1 taken 6% (fallthrough)
        -:  109:	{
 15506975:  110:	  if (kingdomCards[j] == i)
branch  0 taken 6% (fallthrough)
branch  1 taken 94%
        -:  111:	    {
        -:  112:	      //check if card is a 'Victory' Kingdom card
  1000450:  113:	      if (kingdomCards[j] == great_hall || kingdomCards[j] == gardens)
branch  0 taken 90% (fallthrough)
branch  1 taken 10%
branch  2 taken 11% (fallthrough)
branch  3 taken 89%
        -:  114:		{
   400180:  115:		  if (numPlayers == 2){ 
branch  0 taken 99% (fallthrough)
branch  1 taken 1%
   200076:  116:		    state->supplyCount[i] = 8; 
        -:  117:		  }
       14:  118:		  else{ state->supplyCount[i] = 12; }
        -:  119:		}
        -:  120:	      else
        -:  121:		{
   800360:  122:		  state->supplyCount[i] = 10;
        -:  123:		}
  1000450:  124:	      break;
        -:  125:	    }
        -:  126:	  else    //card is not in the set choosen for the game
        -:  127:	    {
 14506525:  128:	      state->supplyCount[i] = -1;
        -:  129:	    }
        -:  130:	}
        -:  131:
        -:  132:    }
        -:  133:
        -:  134:  ////////////////////////
        -:  135:  //supply intilization complete
        -:  136:
        -:  137:  //set player decks
   300149:  138:  for (i = 0; i < numPlayers; i++)
branch  0 taken 67%
branch  1 taken 33% (fallthrough)
        -:  139:    {
   200104:  140:      state->deckCount[i] = 0;
   800416:  141:      for (j = 0; j < 3; j++)
branch  0 taken 75%
branch  1 taken 25% (fallthrough)
        -:  142:	{
   600312:  143:	  state->deck[i][j] = estate;
   600312:  144:	  state->deckCount[i]++;
        -:  145:	}
  1600832:  146:      for (j = 3; j < 10; j++)
branch  0 taken 88%
branch  1 taken 13% (fallthrough)
        -:  147:	{
  1400728:  148:	  state->deck[i][j] = copper;
  1400728:  149:	  state->deckCount[i]++;		
        -:  150:	}
        -:  151:    }
        -:  152:
        -:  153:  //shuffle player decks
   300149:  154:  for (i = 0; i < numPlayers; i++)
branch  0 taken 67%
branch  1 taken 33% (fallthrough)
        -:  155:    {
   200104:  156:      if ( shuffle(i, state) < 0 )
call    0 returned 100%
branch  1 taken 0% (fallthrough)
branch  2 taken 100%
        -:  157:	{
    #####:  158:	  return -1;
        -:  159:	}
        -:  160:    }
        -:  161:
        -:  162:  //draw player hands
   300149:  163:  for (i = 0; i < numPlayers; i++)
branch  0 taken 67%
branch  1 taken 33% (fallthrough)
        -:  164:    {  
        -:  165:      //initialize hand size to zero
   200104:  166:      state->handCount[i] = 0;
   200104:  167:      state->discardCount[i] = 0;
        -:  168:      //draw 5 cards
        -:  169:      // for (j = 0; j < 5; j++)
        -:  170:      //	{
        -:  171:      //	  drawCard(i, state);
        -:  172:      //	}
        -:  173:    }
        -:  174:  
        -:  175:  //set embargo tokens to 0 for all supply piles
  2801260:  176:  for (i = 0; i <= treasure_map; i++)
branch  0 taken 96%
branch  1 taken 4% (fallthrough)
        -:  177:    {
  2701215:  178:      state->embargoTokens[i] = 0;
        -:  179:    }
        -:  180:
        -:  181:  //initialize first player's turn
   100045:  182:  state->outpostPlayed = 0;
   100045:  183:  state->phase = 0;
   100045:  184:  state->numActions = 1;
   100045:  185:  state->numBuys = 1;
   100045:  186:  state->playedCardCount = 0;
   100045:  187:  state->whoseTurn = 0;
   100045:  188:  state->handCount[state->whoseTurn] = 0;
        -:  189:  //int it; move to top
        -:  190:
        -:  191:  //Moved draw cards to here, only drawing at the start of a turn
   600270:  192:  for (it = 0; it < 5; it++){
branch  0 taken 83%
branch  1 taken 17% (fallthrough)
   500225:  193:    drawCard(state->whoseTurn, state);
call    0 returned 100%
        -:  194:  }
        -:  195:
   100045:  196:  updateCoins(state->whoseTurn, state, 0);
call    0 returned 100%
        -:  197:
   100045:  198:  return 0;
        -:  199:}
        -:  200:
function shuffle called 1989348 returned 100% blocks executed 100%
  1989348:  201:int shuffle(int player, struct gameState *state) {
        -:  202: 
        -:  203:
        -:  204:  int newDeck[MAX_DECK];
  1989348:  205:  int newDeckPos = 0;
        -:  206:  int card;
        -:  207:  int i;
        -:  208:
  1989348:  209:  if (state->deckCount[player] < 1)
branch  0 taken 83% (fallthrough)
branch  1 taken 17%
  1661003:  210:    return -1;
   328345:  211:  qsort ((void*)(state->deck[player]), state->deckCount[player], sizeof(int), compare); 
call    0 returned 100%
        -:  212:  /* SORT CARDS IN DECK TO ENSURE DETERMINISM! */
        -:  213:
 17347560:  214:  while (state->deckCount[player] > 0) {
branch  0 taken 98%
branch  1 taken 2% (fallthrough)
 16690870:  215:    card = floor(Random() * state->deckCount[player]);
call    0 returned 100%
 16690870:  216:    newDeck[newDeckPos] = state->deck[player][card];
 16690870:  217:    newDeckPos++;
449887591:  218:    for (i = card; i < state->deckCount[player]-1; i++) {
branch  0 taken 96%
branch  1 taken 4% (fallthrough)
433196721:  219:      state->deck[player][i] = state->deck[player][i+1];
        -:  220:    }
 16690870:  221:    state->deckCount[player]--;
        -:  222:  }
 17019215:  223:  for (i = 0; i < newDeckPos; i++) {
branch  0 taken 98%
branch  1 taken 2% (fallthrough)
 16690870:  224:    state->deck[player][i] = newDeck[i];
 16690870:  225:    state->deckCount[player]++;
        -:  226:  }
        -:  227:
   328345:  228:  return 0;
        -:  229:}
        -:  230:
function playCard called 0 returned 0% blocks executed 0%
    #####:  231:int playCard(int handPos, int choice1, int choice2, int choice3, struct gameState *state) 
        -:  232:{	
        -:  233:  int card;
    #####:  234:  int coin_bonus = 0; 		//tracks coins gain from actions
        -:  235:
        -:  236:  //check if it is the right phase
    #####:  237:  if (state->phase != 0)
branch  0 never executed
branch  1 never executed
        -:  238:    {
    #####:  239:      return -1;
        -:  240:    }
        -:  241:	
        -:  242:  //check if player has enough actions
    #####:  243:  if ( state->numActions < 1 )
branch  0 never executed
branch  1 never executed
        -:  244:    {
    #####:  245:      return -1;
        -:  246:    }
        -:  247:	
        -:  248:  //get card played
    #####:  249:  card = handCard(handPos, state);
call    0 never executed
        -:  250:	
        -:  251:  //check if selected card is an action
    #####:  252:  if ( card < adventurer || card > treasure_map )
branch  0 never executed
branch  1 never executed
branch  2 never executed
branch  3 never executed
        -:  253:    {
    #####:  254:      return -1;
        -:  255:    }
        -:  256:	
        -:  257:  //play card
    #####:  258:  if ( cardEffect(card, choice1, choice2, choice3, state, handPos, &coin_bonus) < 0 )
call    0 never executed
branch  1 never executed
branch  2 never executed
        -:  259:    {
    #####:  260:      return -1;
        -:  261:    }
        -:  262:	
        -:  263:  //reduce number of actions
    #####:  264:  state->numActions--;
        -:  265:
        -:  266:  //update coins (Treasure cards may be added with card draws)
    #####:  267:  updateCoins(state->whoseTurn, state, coin_bonus);
call    0 never executed
        -:  268:	
    #####:  269:  return 0;
        -:  270:}
        -:  271:
function buyCard called 0 returned 0% blocks executed 0%
    #####:  272:int buyCard(int supplyPos, struct gameState *state) {
        -:  273:  int who;
        -:  274:  if (DEBUG){
        -:  275:    printf("Entering buyCard...\n");
        -:  276:  }
        -:  277:
        -:  278:  // I don't know what to do about the phase thing.
        -:  279:
    #####:  280:  who = state->whoseTurn;
        -:  281:
    #####:  282:  if (state->numBuys < 1){
branch  0 never executed
branch  1 never executed
        -:  283:    if (DEBUG)
        -:  284:      printf("You do not have any buys left\n");
    #####:  285:    return -1;
    #####:  286:  } else if (supplyCount(supplyPos, state) <1){
call    0 never executed
branch  1 never executed
branch  2 never executed
        -:  287:    if (DEBUG)
        -:  288:      printf("There are not any of that type of card left\n");
    #####:  289:    return -1;
    #####:  290:  } else if (state->coins < getCost(supplyPos)){
call    0 never executed
branch  1 never executed
branch  2 never executed
        -:  291:    if (DEBUG) 
        -:  292:      printf("You do not have enough money to buy that. You have %d coins.\n", state->coins);
    #####:  293:    return -1;
        -:  294:  } else {
    #####:  295:    state->phase=1;
        -:  296:    //state->supplyCount[supplyPos]--;
    #####:  297:    gainCard(supplyPos, state, 0, who); //card goes in discard, this might be wrong.. (2 means goes into hand, 0 goes into discard)
call    0 never executed
        -:  298:  
    #####:  299:    state->coins = (state->coins) - (getCost(supplyPos));
call    0 never executed
    #####:  300:    state->numBuys--;
        -:  301:    if (DEBUG)
        -:  302:      printf("You bought card number %d for %d coins. You now have %d buys and %d coins.\n", supplyPos, getCost(supplyPos), state->numBuys, state->coins);
        -:  303:  }
        -:  304:
        -:  305:  //state->discard[who][state->discardCount[who]] = supplyPos;
        -:  306:  //state->discardCount[who]++;
        -:  307:    
    #####:  308:  return 0;
        -:  309:}
        -:  310:
function numHandCards called 0 returned 0% blocks executed 0%
    #####:  311:int numHandCards(struct gameState *state) {
    #####:  312:  return state->handCount[ whoseTurn(state) ];
call    0 never executed
        -:  313:}
        -:  314:
function handCard called 0 returned 0% blocks executed 0%
    #####:  315:int handCard(int handPos, struct gameState *state) {
    #####:  316:  int currentPlayer = whoseTurn(state);
call    0 never executed
    #####:  317:  return state->hand[currentPlayer][handPos];
        -:  318:}
        -:  319:
function supplyCount called 31 returned 100% blocks executed 100%
       31:  320:int supplyCount(int card, struct gameState *state) {
       31:  321:  return state->supplyCount[card];
        -:  322:}
        -:  323:
function fullDeckCount called 35 returned 100% blocks executed 100%
       35:  324:int fullDeckCount(int player, int card, struct gameState *state) {
        -:  325:  int i;
       35:  326:  int count = 0;
        -:  327:
      309:  328:  for (i = 0; i < state->deckCount[player]; i++)
branch  0 taken 89%
branch  1 taken 11% (fallthrough)
        -:  329:    {
      274:  330:      if (state->deck[player][i] == card) count++;
branch  0 taken 4% (fallthrough)
branch  1 taken 96%
        -:  331:    }
        -:  332:
       93:  333:  for (i = 0; i < state->handCount[player]; i++)
branch  0 taken 62%
branch  1 taken 38% (fallthrough)
        -:  334:    {
       58:  335:      if (state->hand[player][i] == card) count++;
branch  0 taken 7% (fallthrough)
branch  1 taken 93%
        -:  336:    }
        -:  337:
       93:  338:  for (i = 0; i < state->discardCount[player]; i++)
branch  0 taken 62%
branch  1 taken 38% (fallthrough)
        -:  339:    {
       58:  340:      if (state->discard[player][i] == card) count++;
branch  0 taken 7% (fallthrough)
branch  1 taken 93%
        -:  341:    }
        -:  342:
       35:  343:  return count;
        -:  344:}
        -:  345:
function whoseTurn called 100021 returned 100% blocks executed 100%
   100021:  346:int whoseTurn(struct gameState *state) {
   100021:  347:  return state->whoseTurn;
        -:  348:}
        -:  349:
function endTurn called 0 returned 0% blocks executed 0%
    #####:  350:int endTurn(struct gameState *state) {
        -:  351:  int k;
        -:  352:  int i;
    #####:  353:  int currentPlayer = whoseTurn(state);
call    0 never executed
        -:  354:  
        -:  355:  //Discard hand
    #####:  356:  for (i = 0; i < state->handCount[currentPlayer]; i++){
branch  0 never executed
branch  1 never executed
    #####:  357:    state->discard[currentPlayer][state->discardCount[currentPlayer]++] = state->hand[currentPlayer][i];//Discard
    #####:  358:    state->hand[currentPlayer][i] = -1;//Set card to -1
        -:  359:  }
    #####:  360:  state->handCount[currentPlayer] = 0;//Reset hand count
        -:  361:    
        -:  362:  //Code for determining the player
    #####:  363:  if (currentPlayer < (state->numPlayers - 1)){ 
branch  0 never executed
branch  1 never executed
    #####:  364:    state->whoseTurn = currentPlayer + 1;//Still safe to increment
        -:  365:  }
        -:  366:  else{
    #####:  367:    state->whoseTurn = 0;//Max player has been reached, loop back around to player 1
        -:  368:  }
        -:  369:
    #####:  370:  state->outpostPlayed = 0;
    #####:  371:  state->phase = 0;
    #####:  372:  state->numActions = 1;
    #####:  373:  state->coins = 0;
    #####:  374:  state->numBuys = 1;
    #####:  375:  state->playedCardCount = 0;
    #####:  376:  state->handCount[state->whoseTurn] = 0;
        -:  377:
        -:  378:  //int k; move to top
        -:  379:  //Next player draws hand
    #####:  380:  for (k = 0; k < 5; k++){
branch  0 never executed
branch  1 never executed
    #####:  381:    drawCard(state->whoseTurn, state);//Draw a card
call    0 never executed
        -:  382:  }
        -:  383:
        -:  384:  //Update money
    #####:  385:  updateCoins(state->whoseTurn, state , 0);
call    0 never executed
        -:  386:
    #####:  387:  return 0;
        -:  388:}
        -:  389:
function isGameOver called 4 returned 100% blocks executed 100%
        4:  390:int isGameOver(struct gameState *state) {
        -:  391:  int i;
        -:  392:  int j;
        -:  393:	
        -:  394:  //if stack of Province cards is empty, the game ends
        4:  395:  if (state->supplyCount[province] == 0)
branch  0 taken 25% (fallthrough)
branch  1 taken 75%
        -:  396:    {
        1:  397:      return 1;
        -:  398:    }
        -:  399:
        -:  400:  //if three supply pile are at 0, the game ends
        3:  401:  j = 0;
       78:  402:  for (i = 0; i < 25; i++)
branch  0 taken 96%
branch  1 taken 4% (fallthrough)
        -:  403:    {
       75:  404:      if (state->supplyCount[i] == 0)
branch  0 taken 8% (fallthrough)
branch  1 taken 92%
        -:  405:	{
        6:  406:	  j++;
        -:  407:	}
        -:  408:    }
        3:  409:  if ( j >= 3)
branch  0 taken 67% (fallthrough)
branch  1 taken 33%
        -:  410:    {
        2:  411:      return 1;
        -:  412:    }
        -:  413:
        1:  414:  return 0;
        -:  415:}
        -:  416:
function scoreFor called 7 returned 100% blocks executed 88%
        7:  417:int scoreFor (int player, struct gameState *state) {
        -:  418:
        -:  419:  int i;
        7:  420:  int score = 0;
        -:  421:  //score from hand
       61:  422:  for (i = 0; i < state->handCount[player]; i++)
branch  0 taken 89%
branch  1 taken 11% (fallthrough)
        -:  423:    {
       54:  424:      if (state->hand[player][i] == curse) { score = score - 1; };
branch  0 taken 4% (fallthrough)
branch  1 taken 96%
       54:  425:      if (state->hand[player][i] == estate) { score = score + 1; };
branch  0 taken 4% (fallthrough)
branch  1 taken 96%
       54:  426:      if (state->hand[player][i] == duchy) { score = score + 3; };
branch  0 taken 4% (fallthrough)
branch  1 taken 96%
       54:  427:      if (state->hand[player][i] == province) { score = score + 6; };
branch  0 taken 4% (fallthrough)
branch  1 taken 96%
       54:  428:      if (state->hand[player][i] == great_hall) { score = score + 1; };
branch  0 taken 4% (fallthrough)
branch  1 taken 96%
       54:  429:      if (state->hand[player][i] == gardens) { score = score + ( fullDeckCount(player, 0, state) / 10 ); };
branch  0 taken 4% (fallthrough)
branch  1 taken 96%
call    2 returned 100%
        -:  430:    }
        -:  431:
        -:  432:  //score from discard
       61:  433:  for (i = 0; i < state->discardCount[player]; i++)
branch  0 taken 89%
branch  1 taken 11% (fallthrough)
        -:  434:    {
       54:  435:      if (state->discard[player][i] == curse) { score = score - 1; };
branch  0 taken 4% (fallthrough)
branch  1 taken 96%
       54:  436:      if (state->discard[player][i] == estate) { score = score + 1; };
branch  0 taken 4% (fallthrough)
branch  1 taken 96%
       54:  437:      if (state->discard[player][i] == duchy) { score = score + 3; };
branch  0 taken 4% (fallthrough)
branch  1 taken 96%
       54:  438:      if (state->discard[player][i] == province) { score = score + 6; };
branch  0 taken 4% (fallthrough)
branch  1 taken 96%
       54:  439:      if (state->discard[player][i] == great_hall) { score = score + 1; };
branch  0 taken 4% (fallthrough)
branch  1 taken 96%
       54:  440:      if (state->discard[player][i] == gardens) { score = score + ( fullDeckCount(player, 0, state) / 10 ); };
branch  0 taken 4% (fallthrough)
branch  1 taken 96%
call    2 returned 100%
        -:  441:    }
        -:  442:
        -:  443:  //score from deck
       61:  444:  for (i = 0; i < state->discardCount[player]; i++)
branch  0 taken 89%
branch  1 taken 11% (fallthrough)
        -:  445:    {
       54:  446:      if (state->deck[player][i] == curse) { score = score - 1; };
branch  0 taken 63% (fallthrough)
branch  1 taken 37%
       54:  447:      if (state->deck[player][i] == estate) { score = score + 1; };
branch  0 taken 0% (fallthrough)
branch  1 taken 100%
       54:  448:      if (state->deck[player][i] == duchy) { score = score + 3; };
branch  0 taken 0% (fallthrough)
branch  1 taken 100%
       54:  449:      if (state->deck[player][i] == province) { score = score + 6; };
branch  0 taken 0% (fallthrough)
branch  1 taken 100%
       54:  450:      if (state->deck[player][i] == great_hall) { score = score + 1; };
branch  0 taken 0% (fallthrough)
branch  1 taken 100%
       54:  451:      if (state->deck[player][i] == gardens) { score = score + ( fullDeckCount(player, 0, state) / 10 ); };
branch  0 taken 0% (fallthrough)
branch  1 taken 100%
call    2 never executed
        -:  452:    }
        -:  453:
        7:  454:  return score;
        -:  455:}
        -:  456:
function getWinners called 0 returned 0% blocks executed 0%
    #####:  457:int getWinners(int players[MAX_PLAYERS], struct gameState *state) {
        -:  458:  int i;	
        -:  459:  int j;
        -:  460:  int highScore;
        -:  461:  int currentPlayer;
        -:  462:
        -:  463:  //get score for each player
    #####:  464:  for (i = 0; i < MAX_PLAYERS; i++)
branch  0 never executed
branch  1 never executed
        -:  465:    {
        -:  466:      //set unused player scores to -9999
    #####:  467:      if (i >= state->numPlayers)
branch  0 never executed
branch  1 never executed
        -:  468:	{
    #####:  469:	  players[i] = -9999;
        -:  470:	}
        -:  471:      else
        -:  472:	{
    #####:  473:	  players[i] = scoreFor (i, state);
call    0 never executed
        -:  474:	}
        -:  475:    }
        -:  476:
        -:  477:  //find highest score
    #####:  478:  j = 0;
    #####:  479:  for (i = 0; i < MAX_PLAYERS; i++)
branch  0 never executed
branch  1 never executed
        -:  480:    {
    #####:  481:      if (players[i] > players[j])
branch  0 never executed
branch  1 never executed
        -:  482:	{
    #####:  483:	  j = i;
        -:  484:	}
        -:  485:    }
    #####:  486:  highScore = players[j];
        -:  487:
        -:  488:  //add 1 to players who had less turns
    #####:  489:  currentPlayer = whoseTurn(state);
call    0 never executed
    #####:  490:  for (i = 0; i < MAX_PLAYERS; i++)
branch  0 never executed
branch  1 never executed
        -:  491:    {
    #####:  492:      if ( players[i] == highScore && i > currentPlayer )
branch  0 never executed
branch  1 never executed
branch  2 never executed
branch  3 never executed
        -:  493:	{
    #####:  494:	  players[i]++;
        -:  495:	}
        -:  496:    }
        -:  497:
        -:  498:  //find new highest score
    #####:  499:  j = 0;
    #####:  500:  for (i = 0; i < MAX_PLAYERS; i++)
branch  0 never executed
branch  1 never executed
        -:  501:    {
    #####:  502:      if ( players[i] > players[j] )
branch  0 never executed
branch  1 never executed
        -:  503:	{
    #####:  504:	  j = i;
        -:  505:	}
        -:  506:    }
    #####:  507:  highScore = players[j];
        -:  508:
        -:  509:  //set winners in array to 1 and rest to 0
    #####:  510:  for (i = 0; i < MAX_PLAYERS; i++)
branch  0 never executed
branch  1 never executed
        -:  511:    {
    #####:  512:      if ( players[i] == highScore )
branch  0 never executed
branch  1 never executed
        -:  513:	{
    #####:  514:	  players[i] = 1;
        -:  515:	}
        -:  516:      else
        -:  517:	{
    #####:  518:	  players[i] = 0;
        -:  519:	}
        -:  520:    }
        -:  521:
    #####:  522:  return 0;
        -:  523:}
        -:  524:
function drawCard called 7432530 returned 100% blocks executed 100%
  7432530:  525:int drawCard(int player, struct gameState *state)
        -:  526:{	int count;
        -:  527:  int deckCounter;
  7432530:  528:  if (state->deckCount[player] <= 0){//Deck is empty
branch  0 taken 11% (fallthrough)
branch  1 taken 89%
        -:  529:    
        -:  530:    //Step 1 Shuffle the discard pile back into a deck
        -:  531:    int i;
        -:  532:    //Move discard to deck
  4073342:  533:    for (i = 0; i < state->discardCount[player];i++){
branch  0 taken 79%
branch  1 taken 21% (fallthrough)
  3228723:  534:      state->deck[player][i] = state->discard[player][i];
  3228723:  535:      state->discard[player][i] = -1;
        -:  536:    }
        -:  537:
   844619:  538:    state->deckCount[player] = state->discardCount[player];
   844619:  539:    state->discardCount[player] = 0;//Reset discard
        -:  540:
        -:  541:    //Shufffle the deck
   844619:  542:    shuffle(player, state);//Shuffle the deck up and make it so that we can draw
call    0 returned 100%
        -:  543:   
        -:  544:    if (DEBUG){//Debug statements
        -:  545:      printf("Deck count now: %d\n", state->deckCount[player]);
        -:  546:    }
        -:  547:    
   844619:  548:    state->discardCount[player] = 0;
        -:  549:
        -:  550:    //Step 2 Draw Card
   844619:  551:    count = state->handCount[player];//Get current player's hand count
        -:  552:    
        -:  553:    if (DEBUG){//Debug statements
        -:  554:      printf("Current hand count: %d\n", count);
        -:  555:    }
        -:  556:    
   844619:  557:    deckCounter = state->deckCount[player];//Create a holder for the deck count
        -:  558:
   844619:  559:    if (deckCounter == 0)
branch  0 taken 97% (fallthrough)
branch  1 taken 3%
   816388:  560:      return -1;
        -:  561:
    28231:  562:    state->hand[player][count] = state->deck[player][deckCounter - 1];//Add card to hand
    28231:  563:    state->deckCount[player]--;
    28231:  564:    state->handCount[player]++;//Increment hand count
        -:  565:  }
        -:  566:
        -:  567:  else{
  6587911:  568:    int count = state->handCount[player];//Get current hand count for player
        -:  569:    int deckCounter;
        -:  570:    if (DEBUG){//Debug statements
        -:  571:      printf("Current hand count: %d\n", count);
        -:  572:    }
        -:  573:
  6587911:  574:    deckCounter = state->deckCount[player];//Create holder for the deck count
  6587911:  575:    state->hand[player][count] = state->deck[player][deckCounter - 1];//Add card to the hand
  6587911:  576:    state->deckCount[player]--;
  6587911:  577:    state->handCount[player]++;//Increment hand count
        -:  578:  }
        -:  579:
  6616142:  580:  return 0;
        -:  581:}
        -:  582:
function getCost called 0 returned 0% blocks executed 0%
    #####:  583:int getCost(int cardNumber)
        -:  584:{
    #####:  585:  switch( cardNumber ) 
branch  0 never executed
branch  1 never executed
branch  2 never executed
branch  3 never executed
branch  4 never executed
branch  5 never executed
branch  6 never executed
branch  7 never executed
branch  8 never executed
branch  9 never executed
branch 10 never executed
branch 11 never executed
branch 12 never executed
branch 13 never executed
branch 14 never executed
branch 15 never executed
branch 16 never executed
branch 17 never executed
branch 18 never executed
branch 19 never executed
branch 20 never executed
branch 21 never executed
branch 22 never executed
branch 23 never executed
branch 24 never executed
branch 25 never executed
branch 26 never executed
branch 27 never executed
        -:  586:    {
        -:  587:    case curse:
    #####:  588:      return 0;
        -:  589:    case estate:
    #####:  590:      return 2;
        -:  591:    case duchy:
    #####:  592:      return 5;
        -:  593:    case province:
    #####:  594:      return 8;
        -:  595:    case copper:
    #####:  596:      return 0;
        -:  597:    case silver:
    #####:  598:      return 3;
        -:  599:    case gold:
    #####:  600:      return 6;
        -:  601:    case adventurer:
    #####:  602:      return 6;
        -:  603:    case council_room:
    #####:  604:      return 5;
        -:  605:    case feast:
    #####:  606:      return 4;
        -:  607:    case gardens:
    #####:  608:      return 4;
        -:  609:    case mine:
    #####:  610:      return 5;
        -:  611:    case remodel:
    #####:  612:      return 4;
        -:  613:    case smithy:
    #####:  614:      return 4;
        -:  615:    case village:
    #####:  616:      return 3;
        -:  617:    case baron:
    #####:  618:      return 4;
        -:  619:    case great_hall:
    #####:  620:      return 3;
        -:  621:    case minion:
    #####:  622:      return 5;
        -:  623:    case steward:
    #####:  624:      return 3;
        -:  625:    case tribute:
    #####:  626:      return 5;
        -:  627:    case ambassador:
    #####:  628:      return 3;
        -:  629:    case cutpurse:
    #####:  630:      return 4;
        -:  631:    case embargo: 
    #####:  632:      return 2;
        -:  633:    case outpost:
    #####:  634:      return 5;
        -:  635:    case salvager:
    #####:  636:      return 4;
        -:  637:    case sea_hag:
    #####:  638:      return 4;
        -:  639:    case treasure_map:
    #####:  640:      return 4;
        -:  641:    }
        -:  642:	
    #####:  643:  return -1;
        -:  644:}
        -:  645:
        -:  646:
function council_room_function called 4 returned 100% blocks executed 100%
        4:  647:int council_room_function( struct gameState *state, int handPos )
        -:  648:{     
        4:  649:  int currentPlayer = whoseTurn(state);
call    0 returned 100%
        -:  650:   //+4 Cards
        -:  651:      int i;
       20:  652:      for (i = 0; i < 4; i++)
branch  0 taken 80%
branch  1 taken 20% (fallthrough)
        -:  653:	{
       16:  654:	  drawCard(currentPlayer, state);
call    0 returned 100%
        -:  655:	}
        -:  656:			
        -:  657:      //+1 Buy
        4:  658:      state->numBuys = state->numBuys + state->numBuys;
        -:  659:			
        -:  660:      //Each other player draws a card
       10:  661:      for (i = 1; i < state->numPlayers; i++)
branch  0 taken 60%
branch  1 taken 40% (fallthrough)
        -:  662:	{
        6:  663:	  if ( i != currentPlayer )
branch  0 taken 33% (fallthrough)
branch  1 taken 67%
        -:  664:	    {
        2:  665:	      drawCard(i, state);
call    0 returned 100%
        -:  666:	    }
        -:  667:	}
        -:  668:			
        -:  669:      //put played card in played card pile
        4:  670:      discardCard(handPos, currentPlayer+1 , state, 0);
call    0 returned 100%
        4:  671:      return 0;
        -:  672:}
        -:  673:
function adventurer_function called 100004 returned 100% blocks executed 100%
   100004:  674:int adventurer_function( struct gameState *state, int handPos )
        -:  675:{     
   100004:  676:  int currentPlayer = whoseTurn(state);
call    0 returned 100%
        -:  677:  int temphand[MAX_HAND];// moved above the if statement
   100004:  678:  int drawntreasure=0;
        -:  679:  int cardDrawn;
   100004:  680:  int z = 0;// this is the counter for the temp hand
        -:  681:  
  7132256:  682:    while(drawntreasure<2){
branch  0 taken 99%
branch  1 taken 1% (fallthrough)
  6932248:  683:	if (state->deckCount[currentPlayer] <1){//if the deck is empty we need to shuffle discard and add to deck
branch  0 taken 12% (fallthrough)
branch  1 taken 88%
   844615:  684:	  shuffle(currentPlayer, state);
call    0 returned 100%
        -:  685:	}
  6932248:  686:	drawCard(currentPlayer, state);
call    0 returned 100%
  6932248:  687:	cardDrawn = state->hand[currentPlayer][state->handCount[currentPlayer]-1];//top card of hand is most recently drawn card.
  6932248:  688:	if (cardDrawn == copper || cardDrawn == silver || cardDrawn == gold)
branch  0 taken 80% (fallthrough)
branch  1 taken 20%
branch  2 taken 78% (fallthrough)
branch  3 taken 22%
branch  4 taken 23% (fallthrough)
branch  5 taken 77%
  3566128:  689:	 drawntreasure++;
        -:  690:	else{
  3366120:  691:	  temphand[z]=cardDrawn;
  3366120:  692:	  state->handCount[currentPlayer]--; //this should just remove the top card (the most recently drawn one).
  3366120:  693:	  z++;
  3366120:  694:         drawntreasure--;
        -:  695:	}
        -:  696:      }
  3566128:  697:      while(z-1>=0){
branch  0 taken 97%
branch  1 taken 3% (fallthrough)
  3366120:  698:	state->discard[currentPlayer][state->discardCount[currentPlayer]++]=temphand[z-1]; // discard all cards in play that have been drawn
  3366120:  699:	z=z-1;
        -:  700:      }
        -:  701: 
   100004:  702:   return 0;
        -:  703:}
        -:  704:
        -:  705:
function smithy_function called 13 returned 100% blocks executed 100%
       13:  706:int smithy_function( struct gameState *state, int handPos )
        -:  707:{
       13:  708:int currentPlayer = whoseTurn(state);
call    0 returned 100%
        -:  709:int i;
        -:  710: //+3 Cards
       52:  711:      for (i = 0; i < 3; i++)
branch  0 taken 75%
branch  1 taken 25% (fallthrough)
        -:  712:	{
       39:  713:	  drawCard(currentPlayer, state);
call    0 returned 100%
        -:  714:	}
        -:  715:			
        -:  716:      //discard card from hand
       13:  717:      discardCard(handPos, currentPlayer+1 , state, 1);
call    0 returned 100%
       13:  718:      return 0;
        -:  719:}
        -:  720:
function sea_hag_function called 0 returned 0% blocks executed 0%
    #####:  721:int sea_hag_function( struct gameState *state, int handPos )
        -:  722:{
        -:  723: int i;
    #####:  724: int currentPlayer = whoseTurn(state);
call    0 never executed
    #####:  725:     for (i = 0; i < state->numPlayers; i++){
branch  0 never executed
branch  1 never executed
    #####:  726:	if (i == currentPlayer){
branch  0 never executed
branch  1 never executed
    #####:  727:	  state->discard[i][state->discardCount[i]] = state->deck[i][state->deckCount[i]--];			    state->deckCount[i]--;
    #####:  728:	  state->discardCount[i]++;
    #####:  729:	  state->deck[i][state->deckCount[i]--] = curse;//Top card now a curse
        -:  730:	}
        -:  731:      }
    #####:  732:      return 0;
        -:  733:}	
function salvager_function called 0 returned 0% blocks executed 0%
    #####:  734:int salvager_function( struct gameState *state, int handPos, int choice1 )
        -:  735:{ 
    #####:  736: int currentPlayer = whoseTurn(state);
call    0 never executed
        -:  737:     //+1 buy
    #####:  738:      state->numBuys++;
        -:  739:			
    #####:  740:      if (choice1)
branch  0 never executed
branch  1 never executed
        -:  741:	{
        -:  742:	  //gain coins equal to trashed card
    #####:  743:	  state->coins = state->coins + getCost( handCard(choice1, state) );
call    0 never executed
call    1 never executed
        -:  744:	  //trash card
    #####:  745:	  discardCard(choice1, currentPlayer, state, 0);	
call    0 never executed
        -:  746:	}
        -:  747:			
        -:  748:      //discard card
    #####:  749:      discardCard(handPos, currentPlayer, state, 1);
call    0 never executed
    #####:  750:      return 0;
        -:  751:}
        -:  752:	
function cardEffect called 0 returned 0% blocks executed 0%
    #####:  753:int cardEffect(int card, int choice1, int choice2, int choice3, struct gameState *state, int handPos, int *bonus)
        -:  754:{
        -:  755:  int i;
        -:  756:  int j;
        -:  757:  int k;
        -:  758:  int x;
        -:  759:  int index;
    #####:  760:  int currentPlayer = whoseTurn(state);
call    0 never executed
    #####:  761:  int nextPlayer = currentPlayer + 1;
        -:  762:
    #####:  763:  int tributeRevealedCards[2] = {-1, -1};
        -:  764:  int temphand[MAX_HAND];// moved above the if statement
    #####:  765:  int drawntreasure=0;
        -:  766:  int cardDrawn;
    #####:  767:  int z = 0;// this is the counter for the temp hand
    #####:  768:  if (nextPlayer > (state->numPlayers - 1)){
branch  0 never executed
branch  1 never executed
    #####:  769:    nextPlayer = 0;
        -:  770:  }
        -:  771:  
        -:  772:	
        -:  773:  //uses switch to select card and perform actions
    #####:  774:  switch( card ) 
branch  0 never executed
branch  1 never executed
branch  2 never executed
branch  3 never executed
branch  4 never executed
branch  5 never executed
branch  6 never executed
branch  7 never executed
branch  8 never executed
branch  9 never executed
branch 10 never executed
branch 11 never executed
branch 12 never executed
branch 13 never executed
branch 14 never executed
branch 15 never executed
branch 16 never executed
branch 17 never executed
branch 18 never executed
branch 19 never executed
branch 20 never executed
        -:  775:    {
        -:  776:    case adventurer:
    #####:  777:      adventurer_function(state, handPos );
call    0 never executed
        -:  778://      while(drawntreasure<2){
        -:  779://	if (state->deckCount[currentPlayer] <1){//if the deck is empty we need to shuffle discard and add to deck
        -:  780://	  shuffle(currentPlayer, state);
        -:  781://	}
        -:  782://	drawCard(currentPlayer, state);
        -:  783://	cardDrawn = state->hand[currentPlayer][state->handCount[currentPlayer]-1];//top card of hand is most recently drawn card.
        -:  784://	if (cardDrawn == copper || cardDrawn == silver || cardDrawn == gold)
        -:  785://	  drawntreasure++;
        -:  786://	else{
        -:  787://	  temphand[z]=cardDrawn;
        -:  788://	  state->handCount[currentPlayer]--; //this should just remove the top card (the most recently drawn one).
        -:  789://	  z++;
        -:  790://	}
        -:  791://      }
        -:  792://      while(z-1>=0){
        -:  793://	state->discard[currentPlayer][state->discardCount[currentPlayer]++]=temphand[z-1]; // discard all cards in play that have been drawn
        -:  794://	z=z-1;
        -:  795://      }
    #####:  796:      return 0;
        -:  797:			
        -:  798:    case council_room:
    #####:  799:    council_room_function(state, handPos );
call    0 never executed
        -:  800:     //+4 Cards
        -:  801:     // for (i = 0; i < 4; i++)
        -:  802://	{
        -:  803://	  drawCard(currentPlayer, state);
        -:  804://	}
        -:  805:			
        -:  806:      //+1 Buy
        -:  807:  //    state->numBuys++;
        -:  808:			
        -:  809:      //Each other player draws a card
        -:  810:    //  for (i = 0; i < state->numPlayers; i++)
        -:  811://	{
        -:  812://	  if ( i != currentPlayer )
        -:  813://	    {
        -:  814://	      drawCard(i, state);
        -:  815://	    }
        -:  816://	}
        -:  817:			
        -:  818:      //put played card in played card pile
        -:  819:  //    discardCard(handPos, currentPlayer, state, 0);
        -:  820:			
    #####:  821:      return 0;
        -:  822:			
        -:  823:    case feast:
        -:  824:      //gain card with cost up to 5
        -:  825:      //Backup hand
    #####:  826:      for (i = 0; i <= state->handCount[currentPlayer]; i++){
branch  0 never executed
branch  1 never executed
    #####:  827:	temphand[i] = state->hand[currentPlayer][i];//Backup card
    #####:  828:	state->hand[currentPlayer][i] = -1;//Set to nothing
        -:  829:      }
        -:  830:      //Backup hand
        -:  831:
        -:  832:      //Update Coins for Buy
    #####:  833:      updateCoins(currentPlayer, state, 5);
call    0 never executed
    #####:  834:      x = 1;//Condition to loop on
    #####:  835:      while( x == 1) {//Buy one card
branch  0 never executed
branch  1 never executed
    #####:  836:	if (supplyCount(choice1, state) <= 0){
call    0 never executed
branch  1 never executed
branch  2 never executed
        -:  837:	  if (DEBUG)
        -:  838:	    printf("None of that card left, sorry!\n");
        -:  839:
        -:  840:	  if (DEBUG){
        -:  841:	    printf("Cards Left: %d\n", supplyCount(choice1, state));
        -:  842:	  }
        -:  843:	}
    #####:  844:	else if (state->coins < getCost(choice1)){
call    0 never executed
branch  1 never executed
branch  2 never executed
    #####:  845:	  printf("That card is too expensive!\n");
call    0 never executed
        -:  846:
        -:  847:	  if (DEBUG){
        -:  848:	    printf("Coins: %d < %d\n", state->coins, getCost(choice1));
        -:  849:	  }
        -:  850:	}
        -:  851:	else{
        -:  852:
        -:  853:	  if (DEBUG){
        -:  854:	    printf("Deck Count: %d\n", state->handCount[currentPlayer] + state->deckCount[currentPlayer] + state->discardCount[currentPlayer]);
        -:  855:	  }
        -:  856:
    #####:  857:	  gainCard(choice1, state, 0, currentPlayer);//Gain the card
call    0 never executed
    #####:  858:	  x = 0;//No more buying cards
        -:  859:
        -:  860:	  if (DEBUG){
        -:  861:	    printf("Deck Count: %d\n", state->handCount[currentPlayer] + state->deckCount[currentPlayer] + state->discardCount[currentPlayer]);
        -:  862:	  }
        -:  863:
        -:  864:	}
        -:  865:      }     
        -:  866:
        -:  867:      //Reset Hand
    #####:  868:      for (i = 0; i <= state->handCount[currentPlayer]; i++){
branch  0 never executed
branch  1 never executed
    #####:  869:	state->hand[currentPlayer][i] = temphand[i];
    #####:  870:	temphand[i] = -1;
        -:  871:      }
        -:  872:      //Reset Hand
        -:  873:      			
    #####:  874:      return 0;
        -:  875:			
        -:  876:    case gardens:
    #####:  877:      return -1;
        -:  878:			
        -:  879:    case mine:
    #####:  880:      j = state->hand[currentPlayer][choice1];  //store card we will trash
        -:  881:
    #####:  882:      if (state->hand[currentPlayer][choice1] < copper || state->hand[currentPlayer][choice1] > gold)
branch  0 never executed
branch  1 never executed
branch  2 never executed
branch  3 never executed
        -:  883:	{
    #####:  884:	  return -1;
        -:  885:	}
        -:  886:		
    #####:  887:      if (choice2 > treasure_map || choice2 < curse)
branch  0 never executed
branch  1 never executed
branch  2 never executed
branch  3 never executed
        -:  888:	{
    #####:  889:	  return -1;
        -:  890:	}
        -:  891:
    #####:  892:      if ( (getCost(state->hand[currentPlayer][choice1]) + 3) > getCost(choice2) )
call    0 never executed
call    1 never executed
branch  2 never executed
branch  3 never executed
        -:  893:	{
    #####:  894:	  return -1;
        -:  895:	}
        -:  896:
    #####:  897:      gainCard(choice2, state, 2, currentPlayer);
call    0 never executed
        -:  898:
        -:  899:      //discard card from hand
    #####:  900:      discardCard(handPos, currentPlayer, state, 0);
call    0 never executed
        -:  901:
        -:  902:      //discard trashed card
    #####:  903:      for (i = 0; i < state->handCount[currentPlayer]; i++)
branch  0 never executed
branch  1 never executed
        -:  904:	{
    #####:  905:	  if (state->hand[currentPlayer][i] == j)
branch  0 never executed
branch  1 never executed
        -:  906:	    {
    #####:  907:	      discardCard(i, currentPlayer, state, 0);			
call    0 never executed
    #####:  908:	      break;
        -:  909:	    }
        -:  910:	}
        -:  911:			
    #####:  912:      return 0;
        -:  913:			
        -:  914:    case remodel:
    #####:  915:      j = state->hand[currentPlayer][choice1];  //store card we will trash
        -:  916:
    #####:  917:      if ( (getCost(state->hand[currentPlayer][choice1]) + 2) > getCost(choice2) )
call    0 never executed
call    1 never executed
branch  2 never executed
branch  3 never executed
        -:  918:	{
    #####:  919:	  return -1;
        -:  920:	}
        -:  921:
    #####:  922:      gainCard(choice2, state, 0, currentPlayer);
call    0 never executed
        -:  923:
        -:  924:      //discard card from hand
    #####:  925:      discardCard(handPos, currentPlayer, state, 0);
call    0 never executed
        -:  926:
        -:  927:      //discard trashed card
    #####:  928:      for (i = 0; i < state->handCount[currentPlayer]; i++)
branch  0 never executed
branch  1 never executed
        -:  929:	{
    #####:  930:	  if (state->hand[currentPlayer][i] == j)
branch  0 never executed
branch  1 never executed
        -:  931:	    {
    #####:  932:	      discardCard(i, currentPlayer, state, 0);			
call    0 never executed
    #####:  933:	      break;
        -:  934:	    }
        -:  935:	}
        -:  936:
        -:  937:
    #####:  938:      return 0;
        -:  939:		
        -:  940:    case smithy:
    #####:  941:    smithy_function( state, handPos );
call    0 never executed
        -:  942:  
        -:  943:     //+3 Cards
        -:  944://      for (i = 0; i < 3; i++)
        -:  945://	{
        -:  946://	  drawCard(currentPlayer, state);
        -:  947://	}
        -:  948://			
        -:  949:      //discard card from hand
        -:  950://      discardCard(handPos, currentPlayer, state, 0);
    #####:  951:      return 0;
        -:  952:		
        -:  953:    case village:
        -:  954:      //+1 Card
    #####:  955:      drawCard(currentPlayer, state);
call    0 never executed
        -:  956:			
        -:  957:      //+2 Actions
    #####:  958:      state->numActions = state->numActions + 2;
        -:  959:			
        -:  960:      //discard played card from hand
    #####:  961:      discardCard(handPos, currentPlayer, state, 0);
call    0 never executed
    #####:  962:      return 0;
        -:  963:		
        -:  964:    case baron:
    #####:  965:      state->numBuys++;//Increase buys by 1!
    #####:  966:      if (choice1 > 0){//Boolean true or going to discard an estate
branch  0 never executed
branch  1 never executed
    #####:  967:	int p = 0;//Iterator for hand!
    #####:  968:	int card_not_discarded = 1;//Flag for discard set!
    #####:  969:	while(card_not_discarded){
branch  0 never executed
branch  1 never executed
    #####:  970:	  if (state->hand[currentPlayer][p] == estate){//Found an estate card!
branch  0 never executed
branch  1 never executed
    #####:  971:	    state->coins += 4;//Add 4 coins to the amount of coins
    #####:  972:	    state->discard[currentPlayer][state->discardCount[currentPlayer]] = state->hand[currentPlayer][p];
    #####:  973:	    state->discardCount[currentPlayer]++;
    #####:  974:	    for (;p < state->handCount[currentPlayer]; p++){
branch  0 never executed
branch  1 never executed
    #####:  975:	      state->hand[currentPlayer][p] = state->hand[currentPlayer][p+1];
        -:  976:	    }
    #####:  977:	    state->hand[currentPlayer][state->handCount[currentPlayer]] = -1;
    #####:  978:	    state->handCount[currentPlayer]--;
    #####:  979:	    card_not_discarded = 0;//Exit the loop
        -:  980:	  }
    #####:  981:	  else if (p > state->handCount[currentPlayer]){
branch  0 never executed
branch  1 never executed
        -:  982:	    if(DEBUG) {
        -:  983:	      printf("No estate cards in your hand, invalid choice\n");
        -:  984:	      printf("Must gain an estate if there are any\n");
        -:  985:	    }
    #####:  986:	    if (supplyCount(estate, state) > 0){
call    0 never executed
branch  1 never executed
branch  2 never executed
    #####:  987:	      gainCard(estate, state, 0, currentPlayer);
call    0 never executed
    #####:  988:	      state->supplyCount[estate]--;//Decrement estates
    #####:  989:	      if (supplyCount(estate, state) == 0){
call    0 never executed
branch  1 never executed
branch  2 never executed
    #####:  990:		isGameOver(state);
call    0 never executed
        -:  991:	      }
        -:  992:	    }
    #####:  993:	    card_not_discarded = 0;//Exit the loop
        -:  994:	  }
        -:  995:			    
        -:  996:	  else{
    #####:  997:	    p++;//Next card
        -:  998:	  }
        -:  999:	}
        -: 1000:      }
        -: 1001:			    
        -: 1002:      else{
    #####: 1003:	if (supplyCount(estate, state) > 0){
call    0 never executed
branch  1 never executed
branch  2 never executed
    #####: 1004:	  gainCard(estate, state, 0, currentPlayer);//Gain an estate
call    0 never executed
    #####: 1005:	  state->supplyCount[estate]--;//Decrement Estates
    #####: 1006:	  if (supplyCount(estate, state) == 0){
call    0 never executed
branch  1 never executed
branch  2 never executed
    #####: 1007:	    isGameOver(state);
call    0 never executed
        -: 1008:	  }
        -: 1009:	}
        -: 1010:      }
        -: 1011:	    
        -: 1012:      
    #####: 1013:      return 0;
        -: 1014:		
        -: 1015:    case great_hall:
        -: 1016:      //+1 Card
    #####: 1017:      drawCard(currentPlayer, state);
call    0 never executed
        -: 1018:			
        -: 1019:      //+1 Actions
    #####: 1020:      state->numActions++;
        -: 1021:			
        -: 1022:      //discard card from hand
    #####: 1023:      discardCard(handPos, currentPlayer, state, 0);
call    0 never executed
    #####: 1024:      return 0;
        -: 1025:		
        -: 1026:    case minion:
        -: 1027:      //+1 action
    #####: 1028:      state->numActions++;
        -: 1029:			
        -: 1030:      //discard card from hand
    #####: 1031:      discardCard(handPos, currentPlayer, state, 0);
call    0 never executed
        -: 1032:			
    #####: 1033:      if (choice1)		//+2 coins
branch  0 never executed
branch  1 never executed
        -: 1034:	{
    #####: 1035:	  state->coins = state->coins + 2;
        -: 1036:	}
        -: 1037:			
    #####: 1038:      else if (choice2)		//discard hand, redraw 4, other players with 5+ cards discard hand and draw 4
branch  0 never executed
branch  1 never executed
        -: 1039:	{
        -: 1040:	  //discard hand
    #####: 1041:	  while(numHandCards(state) > 0)
call    0 never executed
branch  1 never executed
branch  2 never executed
        -: 1042:	    {
    #####: 1043:	      discardCard(handPos, currentPlayer, state, 0);
call    0 never executed
        -: 1044:	    }
        -: 1045:				
        -: 1046:	  //draw 4
    #####: 1047:	  for (i = 0; i < 4; i++)
branch  0 never executed
branch  1 never executed
        -: 1048:	    {
    #####: 1049:	      drawCard(currentPlayer, state);
call    0 never executed
        -: 1050:	    }
        -: 1051:				
        -: 1052:	  //other players discard hand and redraw if hand size > 4
    #####: 1053:	  for (i = 0; i < state->numPlayers; i++)
branch  0 never executed
branch  1 never executed
        -: 1054:	    {
    #####: 1055:	      if (i != currentPlayer)
branch  0 never executed
branch  1 never executed
        -: 1056:		{
    #####: 1057:		  if ( state->handCount[i] > 4 )
branch  0 never executed
branch  1 never executed
        -: 1058:		    {
        -: 1059:		      //discard hand
    #####: 1060:		      while( state->handCount[i] > 0 )
branch  0 never executed
branch  1 never executed
        -: 1061:			{
    #####: 1062:			  discardCard(handPos, i, state, 0);
call    0 never executed
        -: 1063:			}
        -: 1064:							
        -: 1065:		      //draw 4
    #####: 1066:		      for (j = 0; j < 4; j++)
branch  0 never executed
branch  1 never executed
        -: 1067:			{
    #####: 1068:			  drawCard(i, state);
call    0 never executed
        -: 1069:			}
        -: 1070:		    }
        -: 1071:		}
        -: 1072:	    }
        -: 1073:				
        -: 1074:	}
    #####: 1075:      return 0;
        -: 1076:		
        -: 1077:    case steward:
    #####: 1078:      if (choice1 == 1)
branch  0 never executed
branch  1 never executed
        -: 1079:	{
        -: 1080:	  //+2 cards
    #####: 1081:	  drawCard(currentPlayer, state);
call    0 never executed
    #####: 1082:	  drawCard(currentPlayer, state);
call    0 never executed
        -: 1083:	}
    #####: 1084:      else if (choice1 == 2)
branch  0 never executed
branch  1 never executed
        -: 1085:	{
        -: 1086:	  //+2 coins
    #####: 1087:	  state->coins = state->coins + 2;
        -: 1088:	}
        -: 1089:      else
        -: 1090:	{
        -: 1091:	  //trash 2 cards in hand
    #####: 1092:	  discardCard(choice2, currentPlayer, state, 1);
call    0 never executed
    #####: 1093:	  discardCard(choice3, currentPlayer, state, 1);
call    0 never executed
        -: 1094:	}
        -: 1095:			
        -: 1096:      //discard card from hand
    #####: 1097:      discardCard(handPos, currentPlayer, state, 0);
call    0 never executed
    #####: 1098:      return 0;
        -: 1099:		
        -: 1100:    case tribute:
    #####: 1101:      if ((state->discardCount[nextPlayer] + state->deckCount[nextPlayer]) <= 1){
branch  0 never executed
branch  1 never executed
    #####: 1102:	if (state->deckCount[nextPlayer] > 0){
branch  0 never executed
branch  1 never executed
    #####: 1103:	  tributeRevealedCards[0] = state->deck[nextPlayer][state->deckCount[nextPlayer]-1];
    #####: 1104:	  state->deckCount[nextPlayer]--;
        -: 1105:	}
    #####: 1106:	else if (state->discardCount[nextPlayer] > 0){
branch  0 never executed
branch  1 never executed
    #####: 1107:	  tributeRevealedCards[0] = state->discard[nextPlayer][state->discardCount[nextPlayer]-1];
    #####: 1108:	  state->discardCount[nextPlayer]--;
        -: 1109:	}
        -: 1110:	else{
        -: 1111:	  //No Card to Reveal
        -: 1112:	  if (DEBUG){
        -: 1113:	    printf("No cards to reveal\n");
        -: 1114:	  }
        -: 1115:	}
        -: 1116:      }
        -: 1117:	    
        -: 1118:      else{
    #####: 1119:	if (state->deckCount[nextPlayer] == 0){
branch  0 never executed
branch  1 never executed
    #####: 1120:	  for (i = 0; i < state->discardCount[nextPlayer]; i++){
branch  0 never executed
branch  1 never executed
    #####: 1121:	    state->deck[nextPlayer][i] = state->discard[nextPlayer][i];//Move to deck
    #####: 1122:	    state->deckCount[nextPlayer]++;
    #####: 1123:	    state->discard[nextPlayer][i] = -1;
    #####: 1124:	    state->discardCount[nextPlayer]--;
        -: 1125:	  }
        -: 1126:			    
    #####: 1127:	  shuffle(nextPlayer,state);//Shuffle the deck
call    0 never executed
        -: 1128:	} 
    #####: 1129:	tributeRevealedCards[0] = state->deck[nextPlayer][state->deckCount[nextPlayer]-1];
    #####: 1130:	state->deck[nextPlayer][state->deckCount[nextPlayer]--] = -1;
    #####: 1131:	state->deckCount[nextPlayer]--;
    #####: 1132:	tributeRevealedCards[1] = state->deck[nextPlayer][state->deckCount[nextPlayer]-1];
    #####: 1133:	state->deck[nextPlayer][state->deckCount[nextPlayer]--] = -1;
    #####: 1134:	state->deckCount[nextPlayer]--;
        -: 1135:      }    
        -: 1136:		       
    #####: 1137:      if (tributeRevealedCards[0] == tributeRevealedCards[1]){//If we have a duplicate card, just drop one 
branch  0 never executed
branch  1 never executed
    #####: 1138:	state->playedCards[state->playedCardCount] = tributeRevealedCards[1];
    #####: 1139:	state->playedCardCount++;
    #####: 1140:	tributeRevealedCards[1] = -1;
        -: 1141:      }
        -: 1142:
    #####: 1143:      for (i = 0; i <= 2; i ++){
branch  0 never executed
branch  1 never executed
    #####: 1144:	if (tributeRevealedCards[i] == copper || tributeRevealedCards[i] == silver || tributeRevealedCards[i] == gold){//Treasure cards
branch  0 never executed
branch  1 never executed
branch  2 never executed
branch  3 never executed
branch  4 never executed
branch  5 never executed
    #####: 1145:	  state->coins += 2;
        -: 1146:	}
        -: 1147:		    
    #####: 1148:	else if (tributeRevealedCards[i] == estate || tributeRevealedCards[i] == duchy || tributeRevealedCards[i] == province || tributeRevealedCards[i] == gardens || tributeRevealedCards[i] == great_hall){//Victory Card Found
branch  0 never executed
branch  1 never executed
branch  2 never executed
branch  3 never executed
branch  4 never executed
branch  5 never executed
branch  6 never executed
branch  7 never executed
branch  8 never executed
branch  9 never executed
    #####: 1149:	  drawCard(currentPlayer, state);
call    0 never executed
    #####: 1150:	  drawCard(currentPlayer, state);
call    0 never executed
        -: 1151:	}
        -: 1152:	else{//Action Card
    #####: 1153:	  state->numActions = state->numActions + 2;
        -: 1154:	}
        -: 1155:      }
        -: 1156:	    
    #####: 1157:      return 0;
        -: 1158:		
        -: 1159:    case ambassador:
    #####: 1160:      j = 0;		//used to check if player has enough cards to discard
        -: 1161:
    #####: 1162:      if (choice2 > 2 || choice2 < 0)
branch  0 never executed
branch  1 never executed
branch  2 never executed
branch  3 never executed
        -: 1163:	{
    #####: 1164:	  return -1;				
        -: 1165:	}
        -: 1166:
    #####: 1167:      if (choice1 == handPos)
branch  0 never executed
branch  1 never executed
        -: 1168:	{
    #####: 1169:	  return -1;
        -: 1170:	}
        -: 1171:
    #####: 1172:      for (i = 0; i < state->handCount[currentPlayer]; i++)
branch  0 never executed
branch  1 never executed
        -: 1173:	{
    #####: 1174:	  if (i != handPos && i == state->hand[currentPlayer][choice1] && i != choice1)
branch  0 never executed
branch  1 never executed
branch  2 never executed
branch  3 never executed
branch  4 never executed
branch  5 never executed
        -: 1175:	    {
    #####: 1176:	      j++;
        -: 1177:	    }
        -: 1178:	}
    #####: 1179:      if (j < choice2)
branch  0 never executed
branch  1 never executed
        -: 1180:	{
    #####: 1181:	  return -1;				
        -: 1182:	}
        -: 1183:
        -: 1184:      if (DEBUG) 
        -: 1185:	printf("Player %d reveals card number: %d\n", currentPlayer, state->hand[currentPlayer][choice1]);
        -: 1186:
        -: 1187:      //increase supply count for choosen card by amount being discarded
    #####: 1188:      state->supplyCount[state->hand[currentPlayer][choice1]] += choice2;
        -: 1189:			
        -: 1190:      //each other player gains a copy of revealed card
    #####: 1191:      for (i = 0; i < state->numPlayers; i++)
branch  0 never executed
branch  1 never executed
        -: 1192:	{
    #####: 1193:	  if (i != currentPlayer)
branch  0 never executed
branch  1 never executed
        -: 1194:	    {
    #####: 1195:	      gainCard(state->hand[currentPlayer][choice1], state, 0, i);
call    0 never executed
        -: 1196:	    }
        -: 1197:	}
        -: 1198:
        -: 1199:      //discard played card from hand
    #####: 1200:      discardCard(handPos, currentPlayer, state, 0);			
call    0 never executed
        -: 1201:
        -: 1202:      //trash copies of cards returned to supply
    #####: 1203:      for (j = 0; j < choice2; j++)
branch  0 never executed
branch  1 never executed
        -: 1204:	{
    #####: 1205:	  for (i = 0; i < state->handCount[currentPlayer]; i++)
branch  0 never executed
branch  1 never executed
        -: 1206:	    {
    #####: 1207:	      if (state->hand[currentPlayer][i] == state->hand[currentPlayer][choice1])
branch  0 never executed
branch  1 never executed
        -: 1208:		{
    #####: 1209:		  discardCard(i, currentPlayer, state, 1);
call    0 never executed
    #####: 1210:		  break;
        -: 1211:		}
        -: 1212:	    }
        -: 1213:	}			
        -: 1214:
    #####: 1215:      return 0;
        -: 1216:		
        -: 1217:    case cutpurse:
        -: 1218:
    #####: 1219:      updateCoins(currentPlayer, state, 2);
call    0 never executed
    #####: 1220:      for (i = 0; i < state->numPlayers; i++)
branch  0 never executed
branch  1 never executed
        -: 1221:	{
    #####: 1222:	  if (i != currentPlayer)
branch  0 never executed
branch  1 never executed
        -: 1223:	    {
    #####: 1224:	      for (j = 0; j < state->handCount[i]; j++)
branch  0 never executed
branch  1 never executed
        -: 1225:		{
    #####: 1226:		  if (state->hand[i][j] == copper)
branch  0 never executed
branch  1 never executed
        -: 1227:		    {
    #####: 1228:		      discardCard(j, i, state, 0);
call    0 never executed
    #####: 1229:		      break;
        -: 1230:		    }
    #####: 1231:		  if (j == state->handCount[i])
branch  0 never executed
branch  1 never executed
        -: 1232:		    {
    #####: 1233:		      for (k = 0; k < state->handCount[i]; k++)
branch  0 never executed
branch  1 never executed
        -: 1234:			{
        -: 1235:			  if (DEBUG)
        -: 1236:			    printf("Player %d reveals card number %d\n", i, state->hand[i][k]);
        -: 1237:			}	
    #####: 1238:		      break;
        -: 1239:		    }		
        -: 1240:		}
        -: 1241:					
        -: 1242:	    }
        -: 1243:				
        -: 1244:	}				
        -: 1245:
        -: 1246:      //discard played card from hand
    #####: 1247:      discardCard(handPos, currentPlayer, state, 0);			
call    0 never executed
        -: 1248:
    #####: 1249:      return 0;
        -: 1250:
        -: 1251:		
        -: 1252:    case embargo: 
        -: 1253:      //+2 Coins
    #####: 1254:      state->coins = state->coins + 2;
        -: 1255:			
        -: 1256:      //see if selected pile is in play
    #####: 1257:      if ( state->supplyCount[choice1] == -1 )
branch  0 never executed
branch  1 never executed
        -: 1258:	{
    #####: 1259:	  return -1;
        -: 1260:	}
        -: 1261:			
        -: 1262:      //add embargo token to selected supply pile
    #####: 1263:      state->embargoTokens[choice1]++;
        -: 1264:			
        -: 1265:      //trash card
    #####: 1266:      discardCard(handPos, currentPlayer, state, 1);		
call    0 never executed
    #####: 1267:      return 0;
        -: 1268:		
        -: 1269:    case outpost:
        -: 1270:      //set outpost flag
    #####: 1271:      state->outpostPlayed++;
        -: 1272:			
        -: 1273:      //discard card
    #####: 1274:      discardCard(handPos, currentPlayer, state, 0);
call    0 never executed
    #####: 1275:      return 0;
        -: 1276:		
        -: 1277:    case salvager:
    #####: 1278:       salvager_function( state, handPos, choice1 ) ;
call    0 never executed
        -: 1279:      //+1 buy
        -: 1280://      state->numBuys++;
        -: 1281:			
        -: 1282:  //    if (choice1)
        -: 1283://	{
        -: 1284:	  //gain coins equal to trashed card
        -: 1285://	  state->coins = state->coins + getCost( handCard(choice1, state) );
        -: 1286:	  //trash card
        -: 1287://	  discardCard(choice1, currentPlayer, state, 1);	
        -: 1288://	}
        -: 1289:			
        -: 1290:      //discard card
        -: 1291://      discardCard(handPos, currentPlayer, state, 0);
    #####: 1292:      return 0;
        -: 1293:		
        -: 1294:    case sea_hag:
    #####: 1295:      sea_hag_function(state, handPos);
call    0 never executed
        -: 1296://      for (i = 0; i < state->numPlayers; i++){
        -: 1297://	if (i != currentPlayer){
        -: 1298://	  state->discard[i][state->discardCount[i]] = state->deck[i][state->deckCount[i]--];			    state->deckCount[i]--;
        -: 1299://	  state->discardCount[i]++;
        -: 1300://	  state->deck[i][state->deckCount[i]--] = curse;//Top card now a curse
        -: 1301://	}
        -: 1302://      }
    #####: 1303:      return 0;
        -: 1304:		
        -: 1305:    case treasure_map:
        -: 1306:      //search hand for another treasure_map
    #####: 1307:      index = -1;
    #####: 1308:      for (i = 0; i < state->handCount[currentPlayer]; i++)
branch  0 never executed
branch  1 never executed
        -: 1309:	{
    #####: 1310:	  if (state->hand[currentPlayer][i] == treasure_map && i != handPos)
branch  0 never executed
branch  1 never executed
branch  2 never executed
branch  3 never executed
        -: 1311:	    {
    #####: 1312:	      index = i;
    #####: 1313:	      break;
        -: 1314:	    }
        -: 1315:	}
    #####: 1316:      if (index > -1)
branch  0 never executed
branch  1 never executed
        -: 1317:	{
        -: 1318:	  //trash both treasure cards
    #####: 1319:	  discardCard(handPos, currentPlayer, state, 1);
call    0 never executed
    #####: 1320:	  discardCard(index, currentPlayer, state, 1);
call    0 never executed
        -: 1321:
        -: 1322:	  //gain 4 Gold cards
    #####: 1323:	  for (i = 0; i < 4; i++)
branch  0 never executed
branch  1 never executed
        -: 1324:	    {
    #####: 1325:	      gainCard(gold, state, 1, currentPlayer);
call    0 never executed
        -: 1326:	    }
        -: 1327:				
        -: 1328:	  //return success
    #####: 1329:	  return 1;
        -: 1330:	}
        -: 1331:			
        -: 1332:      //no second treasure_map found in hand
    #####: 1333:      return -1;
        -: 1334:    }
        -: 1335:	
    #####: 1336:  return -1;
        -: 1337:}
        -: 1338:
function discardCard called 17 returned 100% blocks executed 89%
       17: 1339:int discardCard(int handPos, int currentPlayer, struct gameState *state, int trashFlag)
        -: 1340:{
        -: 1341:	
        -: 1342:  //if card is not trashed, added to Played pile 
       17: 1343:  if (trashFlag < 1)
branch  0 taken 24% (fallthrough)
branch  1 taken 76%
        -: 1344:    {
        -: 1345:      //add card to played pile
        4: 1346:      state->playedCards[state->playedCardCount] = state->hand[currentPlayer][handPos]; 
        4: 1347:      state->playedCardCount++;
        -: 1348:    }
        -: 1349:	
        -: 1350:  //set played card to -1
       17: 1351:  state->hand[currentPlayer][handPos] = -1;
        -: 1352:	
        -: 1353:  //remove card from player's hand
       17: 1354:  if ( handPos == (state->handCount[currentPlayer] - 1) ) 	//last card in hand array is played
branch  0 taken 6% (fallthrough)
branch  1 taken 94%
        -: 1355:    {
        -: 1356:      //reduce number of cards in hand
        1: 1357:      state->handCount[currentPlayer]--;
        -: 1358:    }
       16: 1359:  else if ( state->handCount[currentPlayer] == 1 ) //only one card in hand
branch  0 taken 0% (fallthrough)
branch  1 taken 100%
        -: 1360:    {
        -: 1361:      //reduce number of cards in hand
    #####: 1362:      state->handCount[currentPlayer]--;
        -: 1363:    }
        -: 1364:  else 	
        -: 1365:    {
        -: 1366:      //replace discarded card with last card in hand
       16: 1367:      state->hand[currentPlayer][handPos] = state->hand[currentPlayer][ (state->handCount[currentPlayer] - 1)];
        -: 1368:      //set last card to -1
       16: 1369:      state->hand[currentPlayer][state->handCount[currentPlayer] - 1] = -1;
        -: 1370:      //reduce number of cards in hand
       16: 1371:      state->handCount[currentPlayer]--;
        -: 1372:    }
        -: 1373:	
       17: 1374:  return 0;
        -: 1375:}
        -: 1376:
function gainCard called 31 returned 100% blocks executed 70%
       31: 1377:int gainCard(int supplyPos, struct gameState *state, int toFlag, int player)
        -: 1378:{
        -: 1379:  //Note: supplyPos is enum of choosen card
        -: 1380:	
        -: 1381:  //check if supply pile is empty (0) or card is not used in game (-1)
       31: 1382:  if ( supplyCount(supplyPos, state) < 1 )
call    0 returned 100%
branch  1 taken 0% (fallthrough)
branch  2 taken 100%
        -: 1383:    {
    #####: 1384:      return -1;
        -: 1385:    }
        -: 1386:	
        -: 1387:  //added card for [whoseTurn] current player:
        -: 1388:  // toFlag = 0 : add to discard
        -: 1389:  // toFlag = 1 : add to deck
        -: 1390:  // toFlag = 2 : add to hand
        -: 1391:
       31: 1392:  if (toFlag == 1)
branch  0 taken 0% (fallthrough)
branch  1 taken 100%
        -: 1393:    {
    #####: 1394:      state->deck[ player ][ state->deckCount[player] ] = supplyPos;
    #####: 1395:      state->deckCount[player]++;
        -: 1396:    }
       31: 1397:  else if (toFlag == 2)
branch  0 taken 100% (fallthrough)
branch  1 taken 0%
        -: 1398:    {
       31: 1399:      state->hand[ player ][ state->handCount[player] ] = supplyPos;
       31: 1400:      state->handCount[player]++;
        -: 1401:    }
        -: 1402:  else
        -: 1403:    {
    #####: 1404:      state->discard[player][ state->discardCount[player] ] = supplyPos;
    #####: 1405:      state->discardCount[player]++;
        -: 1406:    }
        -: 1407:	
        -: 1408:  //decrease number in supply pile
       31: 1409:  state->supplyCount[supplyPos]--;
        -: 1410:	 
       31: 1411:  return 0;
        -: 1412:}
        -: 1413:
function updateCoins called 100051 returned 100% blocks executed 100%
   100051: 1414:int updateCoins(int player, struct gameState *state, int bonus)
        -: 1415:{
        -: 1416:  int i;
        -: 1417:	
        -: 1418:  //reset coin count
   100051: 1419:  state->coins = 0;
        -: 1420:
        -: 1421:  //add coins for each Treasure card in player's hand
   600307: 1422:  for (i = 0; i < state->handCount[player]; i++)
branch  0 taken 83%
branch  1 taken 17% (fallthrough)
        -: 1423:    {
   500256: 1424:      if (state->hand[player][i] == copper)
branch  0 taken 80% (fallthrough)
branch  1 taken 20%
        -: 1425:	{
   400190: 1426:	  state->coins += 1;
        -: 1427:	}
   100066: 1428:      else if (state->hand[player][i] == silver)
branch  0 taken 1% (fallthrough)
branch  1 taken 99%
        -: 1429:	{
       10: 1430:	  state->coins += 2;
        -: 1431:	}
   100056: 1432:      else if (state->hand[player][i] == gold)
branch  0 taken 1% (fallthrough)
branch  1 taken 99%
        -: 1433:	{
       11: 1434:	  state->coins += 3;
        -: 1435:	}	
        -: 1436:    }	
        -: 1437:
        -: 1438:  //add bonus
   100051: 1439:  state->coins += bonus;
        -: 1440:
   100051: 1441:  return 0;
        -: 1442:}
        -: 1443:
        -: 1444:
        -: 1445://end of dominion.c
        -: 1446:
